# JRE version: Java(TM) SE Runtime Environment (8.0_112-b15) (build 1.8.0_112-b15)
# Java VM: Java HotSpot(TM) 64-Bit Server VM (25.112-b15 mixed mode windows-amd64 compressed oops)
Heap:
 PSYoungGen      total 55808K, used 26925K [0x00000007bc400000, 0x00000007c0000000, 0x00000007c0000000)
  eden space 51200K, 43% used [0x00000007bc400000,0x00000007bd9d05b8,0x00000007bf600000)
  from space 4608K, 99% used [0x00000007bf700000,0x00000007bfb7af90,0x00000007bfb80000)
  to   space 4608K, 0% used [0x00000007bfb80000,0x00000007bfb80000,0x00000007c0000000)
 ParOldGen       total 110592K, used 83278K [0x0000000700000000, 0x0000000706c00000, 0x00000007bc400000)
  object space 110592K, 75% used [0x0000000700000000,0x0000000705153a88,0x0000000706c00000)
 Metaspace       used 81285K, capacity 81967K, committed 82688K, reserved 1120256K
  class space    used 11890K, capacity 12021K, committed 12032K, reserved 1048576K
GC Heap History (10 events):
Event: 4908.362 GC heap before
{Heap before GC invocations=123 (full 12):
 PSYoungGen      total 56832K, used 52960K [0x00000007bc400000, 0x00000007c0000000, 0x00000007c0000000)
  eden space 52224K, 100% used [0x00000007bc400000,0x00000007bf700000,0x00000007bf700000)
  from space 4608K, 15% used [0x00000007bfb80000,0x00000007bfc38000,0x00000007c0000000)
  to   space 4608K, 0% used [0x00000007bf700000,0x00000007bf700000,0x00000007bfb80000)
 ParOldGen       total 110592K, used 81678K [0x0000000700000000, 0x0000000706c00000, 0x00000007bc400000)
  object space 110592K, 73% used [0x0000000700000000,0x0000000704fc3a90,0x0000000706c00000)
 Metaspace       used 79767K, capacity 80425K, committed 81152K, reserved 1118208K
  class space    used 11526K, capacity 11664K, committed 11776K, reserved 1048576K
Event: 4908.368 GC heap after
Heap after GC invocations=123 (full 12):
 PSYoungGen      total 56832K, used 1568K [0x00000007bc400000, 0x00000007c0000000, 0x00000007c0000000)
  eden space 52224K, 0% used [0x00000007bc400000,0x00000007bc400000,0x00000007bf700000)
  from space 4608K, 34% used [0x00000007bf700000,0x00000007bf888000,0x00000007bfb80000)
  to   space 4096K, 0% used [0x00000007bfc00000,0x00000007bfc00000,0x00000007c0000000)
 ParOldGen       total 110592K, used 81678K [0x0000000700000000, 0x0000000706c00000, 0x00000007bc400000)
  object space 110592K, 73% used [0x0000000700000000,0x0000000704fc3a90,0x0000000706c00000)
 Metaspace       used 79767K, capacity 80425K, committed 81152K, reserved 1118208K
  class space    used 11526K, capacity 11664K, committed 11776K, reserved 1048576K
}
Event: 4908.760 GC heap before
{Heap before GC invocations=124 (full 12):
 PSYoungGen      total 56832K, used 53792K [0x00000007bc400000, 0x00000007c0000000, 0x00000007c0000000)
  eden space 52224K, 100% used [0x00000007bc400000,0x00000007bf700000,0x00000007bf700000)
  from space 4608K, 34% used [0x00000007bf700000,0x00000007bf888000,0x00000007bfb80000)
  to   space 4096K, 0% used [0x00000007bfc00000,0x00000007bfc00000,0x00000007c0000000)
 ParOldGen       total 110592K, used 81678K [0x0000000700000000, 0x0000000706c00000, 0x00000007bc400000)
  object space 110592K, 73% used [0x0000000700000000,0x0000000704fc3a90,0x0000000706c00000)
 Metaspace       used 79815K, capacity 80489K, committed 81408K, reserved 1118208K
  class space    used 11527K, capacity 11664K, committed 11776K, reserved 1048576K
Event: 4908.768 GC heap after
Heap after GC invocations=124 (full 12):
 PSYoungGen      total 57344K, used 1664K [0x00000007bc400000, 0x00000007c0000000, 0x00000007c0000000)
  eden space 53248K, 0% used [0x00000007bc400000,0x00000007bc400000,0x00000007bf800000)
  from space 4096K, 40% used [0x00000007bfc00000,0x00000007bfda0000,0x00000007c0000000)
  to   space 4096K, 0% used [0x00000007bf800000,0x00000007bf800000,0x00000007bfc00000)
 ParOldGen       total 110592K, used 81678K [0x0000000700000000, 0x0000000706c00000, 0x00000007bc400000)
  object space 110592K, 73% used [0x0000000700000000,0x0000000704fc3a90,0x0000000706c00000)
 Metaspace       used 79815K, capacity 80489K, committed 81408K, reserved 1118208K
  class space    used 11527K, capacity 11664K, committed 11776K, reserved 1048576K
}
Event: 4910.431 GC heap before
{Heap before GC invocations=125 (full 12):
 PSYoungGen      total 57344K, used 54912K [0x00000007bc400000, 0x00000007c0000000, 0x00000007c0000000)
  eden space 53248K, 100% used [0x00000007bc400000,0x00000007bf800000,0x00000007bf800000)
  from space 4096K, 40% used [0x00000007bfc00000,0x00000007bfda0000,0x00000007c0000000)
  to   space 4096K, 0% used [0x00000007bf800000,0x00000007bf800000,0x00000007bfc00000)
 ParOldGen       total 110592K, used 81678K [0x0000000700000000, 0x0000000706c00000, 0x00000007bc400000)
  object space 110592K, 73% used [0x0000000700000000,0x0000000704fc3a90,0x0000000706c00000)
 Metaspace       used 79870K, capacity 80553K, committed 81408K, reserved 1118208K
  class space    used 11529K, capacity 11664K, committed 11776K, reserved 1048576K
Event: 4910.438 GC heap after
Heap after GC invocations=125 (full 12):
 PSYoungGen      total 57344K, used 1746K [0x00000007bc400000, 0x00000007c0000000, 0x00000007c0000000)
  eden space 53248K, 0% used [0x00000007bc400000,0x00000007bc400000,0x00000007bf800000)
  from space 4096K, 42% used [0x00000007bf800000,0x00000007bf9b4850,0x00000007bfc00000)
  to   space 4096K, 0% used [0x00000007bfc00000,0x00000007bfc00000,0x00000007c0000000)
 ParOldGen       total 110592K, used 81678K [0x0000000700000000, 0x0000000706c00000, 0x00000007bc400000)
  object space 110592K, 73% used [0x0000000700000000,0x0000000704fc3a90,0x0000000706c00000)
 Metaspace       used 79870K, capacity 80553K, committed 81408K, reserved 1118208K
  class space    used 11529K, capacity 11664K, committed 11776K, reserved 1048576K
}
Event: 4924.371 GC heap before
{Heap before GC invocations=126 (full 12):
 PSYoungGen      total 57344K, used 53500K [0x00000007bc400000, 0x00000007c0000000, 0x00000007c0000000)
  eden space 53248K, 97% used [0x00000007bc400000,0x00000007bf68aac0,0x00000007bf800000)
  from space 4096K, 42% used [0x00000007bf800000,0x00000007bf9b4850,0x00000007bfc00000)
  to   space 4096K, 0% used [0x00000007bfc00000,0x00000007bfc00000,0x00000007c0000000)
 ParOldGen       total 110592K, used 81678K [0x0000000700000000, 0x0000000706c00000, 0x00000007bc400000)
  object space 110592K, 73% used [0x0000000700000000,0x0000000704fc3a90,0x0000000706c00000)
 Metaspace       used 80692K, capacity 81403K, committed 82048K, reserved 1120256K
  class space    used 11744K, capacity 11859K, committed 11904K, reserved 1048576K
Event: 4924.386 GC heap after
Heap after GC invocations=126 (full 12):
 PSYoungGen      total 56320K, used 3416K [0x00000007bc400000, 0x00000007c0000000, 0x00000007c0000000)
  eden space 52224K, 0% used [0x00000007bc400000,0x00000007bc400000,0x00000007bf700000)
  from space 4096K, 83% used [0x00000007bfc00000,0x00000007bff56128,0x00000007c0000000)
  to   space 4608K, 0% used [0x00000007bf700000,0x00000007bf700000,0x00000007bfb80000)
 ParOldGen       total 110592K, used 81678K [0x0000000700000000, 0x0000000706c00000, 0x00000007bc400000)
  object space 110592K, 73% used [0x0000000700000000,0x0000000704fc3a90,0x0000000706c00000)
 Metaspace       used 80692K, capacity 81403K, committed 82048K, reserved 1120256K
  class space    used 11744K, capacity 11859K, committed 11904K, reserved 1048576K
}
Event: 4969.535 GC heap before
{Heap before GC invocations=127 (full 12):
 PSYoungGen      total 56320K, used 55640K [0x00000007bc400000, 0x00000007c0000000, 0x00000007c0000000)
  eden space 52224K, 100% used [0x00000007bc400000,0x00000007bf700000,0x00000007bf700000)
  from space 4096K, 83% used [0x00000007bfc00000,0x00000007bff56128,0x00000007c0000000)
  to   space 4608K, 0% used [0x00000007bf700000,0x00000007bf700000,0x00000007bfb80000)
 ParOldGen       total 110592K, used 81678K [0x0000000700000000, 0x0000000706c00000, 0x00000007bc400000)
  object space 110592K, 73% used [0x0000000700000000,0x0000000704fc3a90,0x0000000706c00000)
 Metaspace       used 81257K, capacity 81953K, committed 82688K, reserved 1120256K
  class space    used 11890K, capacity 12020K, committed 12032K, reserved 1048576K
Event: 4969.560 GC heap after
Heap after GC invocations=127 (full 12):
 PSYoungGen      total 55808K, used 4587K [0x00000007bc400000, 0x00000007c0000000, 0x00000007c0000000)
  eden space 51200K, 0% used [0x00000007bc400000,0x00000007bc400000,0x00000007bf600000)
  from space 4608K, 99% used [0x00000007bf700000,0x00000007bfb7af90,0x00000007bfb80000)
  to   space 4608K, 0% used [0x00000007bfb80000,0x00000007bfb80000,0x00000007c0000000)
 ParOldGen       total 110592K, used 83278K [0x0000000700000000, 0x0000000706c00000, 0x00000007bc400000)
  object space 110592K, 75% used [0x0000000700000000,0x0000000705153a88,0x0000000706c00000)
 Metaspace       used 81257K, capacity 81953K, committed 82688K, reserved 1120256K
  class space    used 11890K, capacity 12020K, committed 12032K, reserved 1048576K
}

